<?xml version="1.0"?>
<component name="org.nuxeo.ecm.core.storage.marklogic.tests.types">

  <extension target="org.nuxeo.ecm.core.schema.TypeService" point="schema">
    <schema name="picture" src="schemas/picture.xsd" prefix="info" />
    <schema name="dublincore" prefix="dc" src="schemas/dublincore.xsd" />
  </extension>

</component>